TP_GIAI DIEU QUE HUONG_10-09-2024_KIM TUYEN-THAO.mpg
MOI - TP CAM NANG MUA SAM 11-9-2024 - NGOC NHU - THU_DUYET.mpg
MOI TP- HOP MAT KN 79 NAM CMT08-QUOC KHANH CHXHCN VN FAT 8H30- 2-9 -2024-duyet Mai Luan.mpg
MOI111_TP CANH BAO TIEU DUNG NGAY 10-9 HANG MO - THANH TOAN.mpg
MOI_TP CANH BAO TIEU DUNG NGAY 10-9 HANG MO - THANH TOAN.mpg
MOI_TP THOI TIET NGAY 10-9  SON HIEN - THANH TOAN.mpg
TP - THONG BAO - CONG TY DAU GIA HOP DANH NGO THONG NHAT THONG BAO DAU GIA TAI SAN 10-9-2024 AI VAN - KIM NGAN.mpg
TP - TRAILER PHIM - MONG UOC TUONG LAI TAP 75-76-77 - KIM NGAN.mpg
TP - TRAILER PHIM - MONG UOC TUONG LAI TAP 78-79-80 - KIM NGAN.mpg
TP ATGT 10-9-2024 - NGOC NHU - KIM NGAN.mpg
TP CAM NANG MUA SAM 11-9-2024 - NGOC NHU - THU_1.mpg
TP CANH BAO TIEU DUNG NGAY 10-9 HANG MO - THANH TOAN.mpg
TP TRAILER PHIM -  BON TRE 16H30 12-9-2024 - KIM NGAN.mpg
TP TRAILER PHIM - KIEP PHU DU 16H30 11-9-2024 - KIM NGAN.mpg
TP- NONG NGHIEP SINH THAI 11-9-2024.mpg
TP_ THE GIOI CHUYEN DONG_ 10 - 9 - 2024_ BTV NGOC TIEU BANG - KTD VU QUANG.mpg
TP_CHUYEN TINH TOI KE_11-9-2024_SON HIEN-THAO.mpg
TP_CHUYEN TINH TOI KE_13-9-2024_SON HIEN-THAO.mpg
TP_GIAI DIEU QUE HUONG_11-09-2024_KIM TUYEN-THAO.mpg
moi_TP - HGTV KET NOI - NGAY 12 - 9 - MEN - DUY ANH.mpg
MOI 1- TAP CHI VAN HOA VAN NGHE_ 8 - 9 - 2024_ TUYET ANH - NHUNG_ DUYET.mpg
TP - AN TOAN GIAO THONG - NGAY 7 - 9 - MEN - DUY ANH.mpg
TP - CAM NANG MUA SAM 1-9-2024 NGOC NHU - KIM NGAN.mpg
TP GIOI THIEU SACH BAO VE NEN TANG 31-8-2024 - ANH DAO - THU.mpg
TP NONG NGHIEP SINH THAI NGAY  8-9 KIM HUONG - THANH TOAN.mpg
TP TALK SHOW PHIM VIET THOI VANG BONG NGAY 8-9 TUYET ANH - THANH TOAN.mpg
TP VIEC LAM - DAY NGHE - GIAM NGHEO 7-9-2024 - PHUOC AN-THU.mpg
TP_ HGTV KET NOI_ 8 - 9 - 2024_HMO - NHUNG.mpg
TP_ THOI TIET NONG VU_ 7 - 9 - 2024_ BTV SON HIEN - KTV VU QUANG.mpg
TP_ATGT_7-9-2024_NGOC NHU-THAO.mpg
TP_ATGT_8-9-2024_NGOC NHU-THAO.mpg
TP_CAM NANG MUA SAM NGAY 8 9 2024_NGOC NHU_QUY_DUYET.mpg
TP_CHUYEN TINH TOI KE_08-9-2024_TUYET ANH-THAO.mpg
MOI - TP CAM NANG MUA SAM 9-9-2024-NGOCNHU-THUTHAM.mpg
moi TP_ HOP THU TRUYEN HINH_ 8 - 9 - 2024_ BTV ANH DAO - KTV VU QUANG.mpg
TP NNST NGAY 9 9 2024 KIMHUONG_QUY.mpg
TP- BONG THOI GIAN 9-9-2024 duyet Mai Thoa.mpg
TP_ HOP THU TRUYEN HINH_ 8 - 9 - 2024_ BTV ANH DAO - KTV VU QUANG.mpg
TP_HGTV KET NOI NGAY 8 9 2024 DUYANH QUY.mpg
TP_THOI TIET NONG VU NGAY 8 9 2024.mpg
TRAILER CHUYEN QUE MINH 8-9-2024 tap 39- tieu bang - thu .mpg
TRAILER CHUYEN QUE MINH 8-9-2024 tap 40- tieu bang - thu .mpg
MOI - TP CHUYEN DE AN TOAN GIAO THONG - 14-9-2024 - DUYANH -THUTHAM - DUYET.mpg
TP - BONG THOI GIAN 16-9-2024 - KIM THOA - THU .mpg
TP CHUYEN DE AN TOAN GIAO THONG - 14-9-2024 - DUYANH -THUTHAM - DUYET.mpg
TP_ HOC TAP VA LAM THEO TU TUONG HCM_ 11 - 9 - 2024_ BTV HOAI NHAN - KTD VU QUANG.mpg
moi_TP CHUYEN DE AN TOAN GIAO THONG - 14-9-2024 - DUYANH -THUTHAM.mpg
moi_TP - BONG THOI GIAN 16-9-2024 - KIM THOA - THU .mpg
moi nhat_TP CHUYEN DE AN TOAN GIAO THONG - 14-9-2024 - DUYANH -THUTHAM - DUYET.mpg
TP_ THOI TIET NONG VU_ 14 - 9 - 2024_ BTV SON HIEN - KTV VU QUANG.mpg
TP- THOI TIET NONG VU 11-9-2024.mpg
TP- HGTV KET NOI 15-9-2024.mpg
TP_CAM NANG MUA SAM NGAY 15 9 2024.mpg
TP_ATGT_11-9-2024_NGOC NHU-THAO.mpg
TP ATGT 14-9-2024 - ngoc nhu - thu.mpg
TP- NONG NGHIEP SINH THAI 15-9-2024.mpg
TP_GIAI DIEU QUE HUONG_12-09-2024_KIM TUYEN-THAO-1.mpg
TP_NNST 12-9-24-KIMHUONG_CHUC.mpg
MOI TP TAP CHI VAN NGHE NGAY 15-9 TUYET ANH - THANH TOAN.mpg
TP CANH BAO TIEU DUNG NGAY 11 9 2024 HANG MO_QUY.mpg
TP_CHUYEN TINH TOI KE_12-9-2024_TUYET ANH-THAO.mpg
TP - HGTV KET NOI - NGAY 12 - 9 - MEN - DUY ANH.mpg
TP_ ALO BAC SI OI_ 15 - 9 - 2024_ BTV KIM HUONG - KTV VU QUANG.mpg
TP_ BIEN DAO QUE HUONG KY 20_ 6 - 10 - 2024.mpg
BAN TIN CHINH PHU TUAN QUA 15-9-2024.mpg
TP CAM NANG MUA SAM 16-9-2024 - NGOC NHU - THU_DUYET.mpg
TP TALK SHOW PHIM VIET THOI VANG BONG NGAY 15-9 TUYET ANH - THANH TOAN.mpg
TP-THOI TIET NONG VU-15-9-KIM TUYEN-HUYNH ANH.mpg
TP TRAILER PHIM -  KHI NANG THU VE 16H30 13-9-2024 - KIM NGAN.mpg
TP TRAILER PHIM - KHI VANG BA 16H30 14-9-2024 - KIM NGAN.mpg
TP ATGT 15-9-2024 - NGOC NHU - KIM NGAN.mpg
TP NONG NGHIEP SINH THAI -16-9-SONHIEN -THUTHAM.mpg
TP_ THE GIOI CHUYEN DONG_ 12 - 9 - 2024_ BTV NGOC NHU - KTD VU QUANG.mpg
TP_ THOI TIET NONG VU_ 12 - 9 - 2024_ BTV HUYNH NHU - KTV VU QUANG.mpg
TP - GIAI DIEU QUE HUONG 16-9-2024 KIM TUYEN - KIM NGAN.mpg
TP HGTV KET NOI 16-9-2024 - HANG MO - THU.mpg
TP_ATGT_12-9-2024_NGOC NHU-THAO.mpg
TP_GIAI DIEU QUE HUONG_13-09-2024_KIM TUYEN-THAO.mpg
TP NONG NGHIEP SINH THAI NGAY  13-9 KIM HUONG - THANH TOAN.mpg
TP_ BIEN DAO QUE HUONG KY 17_ 15 - 9 - 2024_ HUONG - NHUNG.mpg
TP_CHUYEN TINH TOI KE_14-9-2024_TUYET ANH-THAO-1.mpg
TP - CHUYEN TINH TOI KE 16-9-2024 TUYET ANH - KIM NGAN.mpg
TP TALK SHOW PHIM VIET THOI VANG BONG NGAY 15-9 TUYET ANH - THANH TOAN_ duyet.mpg
MOI 1- TP_ CAM NANG MUA SAM_ 13- 9 - 2024_HUYNH NHU - NHUNG.mpg
TP_ BIEN DAO QUE HUONG KY 18_ 22 - 9 - 2024_ HUONG - NHUNG_1.mpg
TP HGTV KET NOI 13-9-2024-DUYANH-THUTHAM.mpg
TP CLIP KEU GOI QUYEN GOP HO TRO MIEN BAC_ FINAL.mpg
TP TRAILER PHIM - LUA RUNG 16H30 17-9-2024 - KIM NGAN.mpg
TP - TRAILER PHIM - MONG UOC TUONG LAI TAP 81-82-83 - KIM NGAN.mpg
TP-TAP CHI HAU GIANG KY6_THANG 9-2024 TL29P20.mpg
TP - GIAI DIEU QUE HUONG 17-9-2024 KIM TUYEN - KIM NGAN.mpg
TP DAY GNHE VIEC LAM GIAM NGHEO - 16-9-2024 -PHUOCAN-THUTHAM.mpg
TRAILER PHIM - CHUYEN QUE MINH_BTV BANG_KTD SON_15-9-2024_TAP 41.mpg
TRAILER PHIM - CHUYEN QUE MINH_BTV BANG_KTD SON_15-9-2024_TAP 42.mpg
TP-BAN TIN KHMER 13-9-2024 -TL15P14 - SARAC - THUTHAM.mpg
TP_CHUYEN TINH TOI KE_15-9-2024_SON HIEN-THAO.mpg
TP_CHUYEN TINH TOI KE_17-9-2024_SON HIEN-THAO.mpg
TP - CHUYEN TINH TOI KE 19-9-2024 SON HIEN - KIM NGAN.mpg
TP TRAILER PHIM - KHOANG VO 16H30 15-9-2024 - KIM NGAN.mpg
TP TRAILER PHIM - KHON DAI 16H30 16-9-2024 - KIM NGAN.mpg
TP_GIAI DIEU QUE HUONG_14-09-2024_KIM TUYEN-THAO.mpg
TP CAM NANG MUA SAM 17-9-2024 - NGOC NHU - THU.mpg
TP- THE GIOI CHUYEN DONG 13-9-2024.mpg
MOI2_TP THOI TIET NONG VU 16-9 - TIEUBANG-CHUC.mpg
MOI_TP THOI TIET NONG VU 16-9 - TIEUBANG-CHUC.mpg
TP CAM NANG MUA SAM 17-9-2024 - NGOC NHU - THU_DUYET.mpg
TP THE GIOI CHUYEN DONG 16-9-2024.mpg
TP_ATGT_16-9-2024_NGOC NHU-THAO.mpg
TP THOI TIET NONG VU 13-9-2024 - TUYET ANH  -THU.mpg
TP_ BAO VE NEN TANG TU TUONG CUA DANG- NIEM-CHUC_13-9-2024.mpg
TP HGTV KET NOI 17-9-2024-HANGMO-THUTHAM.mpg
TP_ CANH BAO TIEU DUNG_ 16 - 9 - 2024.mpg
Moi TP- THE GIOI CHUYEN DONG 13-9-2024.mpg
TP_ CANH BAO TIEU DUNG_ 16 - 9 - 2024_ HMO - NHUNG_ DUYET.mpg
TP - GIAI DIEU QUE HUONG 15-9-2024 KIM TUYEN - KIM NGAN.mpg
TP ATGT 13-9-2024 - NGOC NHU - KIM NGAN.mpg
TP HGTV KET NOI 14-9-2024-DUYANH-THUTHAM.mpg
TP_ CAM NANG MUA SAM_ 14 - 9 - 2024_ BTV HUYNH NHU - KTV VU QUANG.mpg
TP NONG NGHIEP SINH THAI -17-9-SONHIEN -THUTHAM.mpg
LU QUET1.mpg
LU QUET2.mpg
TP- CANH BAO TIEU DUNG 13-9-2024.mpg
TP-NONG NGHIEP SINH THAI-14-9-KIM THOA-HUYNH ANH.mpg
MOI - TP_ KHOE CUNG HGTV_ 17 - 9 - 2024_ AI NUONG - NHUNG.mpg
MOI - TP THOI TIET NONG VU 17-9-2024-SONHIEN -THUTHAM.mpg
TP - GIAI DIEU QUE HUONG 18-9-2024 KIM TUYEN - KIM NGAN.mpg
TP_ATGT_17-9-2024_NGOC NHU-THAO.mpg
TP THE GIOI CHUYEN DONG 17-9-2024  - TIEUBANG-THUTHAM.mpg
MOI - TP THE GIOI CHUYEN DONG 17-9-2024  - TIEUBANG-THUTHAM.mpg
TP_ CANH BAO TIEU DUNG_ 17 - 9 - 2024_ BTV HANG MO - KTV VU QUANG.mpg
TP - CHUYEN TINH TOI KE 18-9-2024 TUYET ANH - KIM NGAN.mpg
TP NNST NGAY 18 9 2024 SONHIEN QUY.mpg
TP-3D NSNM-18-9-HIEN-TOAN-HUYNH ANH.mpg
MOI - TP CAM NANG MUA SAM 18-9-2024-NGOCNHU-THUTHAM.mpg
TP HGTV KET NOI 18-9-2024-HANGMO-THUTHAM.mpg
TP TRAILER PHIM - MAI TRUONG YEN TINH 16H30 18-9-2024 - KIM NGAN.mpg
TP-TRAILER PHIM LANG DIEN HA_TAP 1-4-THAO.mpg
TP-TRAILER PHIM LANG DIEN HA_TAP 5-8_THAO.mpg
TP TRAILER PHIM - MANH TROI RIENG 16H30 19-9-2024 - KIM NGAN.mpg
TP TRAILER PHIM - MIEN DAT KHONG CO DON 16H30 20-9-2024 - KIM NGAN.mpg
TP - GIAI DIEU QUE HUONG 19-9-2024 KIM TUYEN - KIM NGAN.mpg
TP - GIAI DIEU QUE HUONG 20-9-2024 KIM TUYEN - KIM NGAN.mpg
TP - THE GIOI KET NOI - NGAY 18 -9 - MEN - NHU.mpg
TP_ CAM NANG MUA SAM_ 19 - 9 - 2024_ BTV HUYNH NHU - KTV VU QUANG.mpg
TP_ NNST 19 - 9 - 2024.mpg
TP_ATGT_18-9-2024_NGOC NHU-THAO.mpg
TP_ HOC TAP VA LAM THEO TU TUONG HCM_ 18 - 9 - 2024_ BTV HOAI NHAN - KTD VU QUANG.mpg
TP - THE GIOI CHUYEN DONG - NGAY 18 -9 - MEN - NHU.mpg
3D CHUYEN DONG DONG TAY 19-9-2024_BTAP KIM HUONG.mpg
TP TRAILER PHIM - HOANG HON NHIET DOI 16H30 21-9-2024 - KIM NGAN.mpg
TP TRAILER PHIM - MOT GIO LAM QUAN 16H30 22-9-2024 - KIM NGAN.mpg
TP TRAILER PHIM - MOT NGAY DAU THU 16H30 23-9-2024 - KIM NGAN.mpg
TP TRAILER PHIM - MUA HOA CUC QUY 16H30 24-9-2024 - KIM NGAN.mpg
TP_ CANH BAO TIEU DUNG_ 18 - 9 - 2024_ BTV HANG MO - KTV VU QUANG.mpg
TP_ HGTV KET NOI_ 19 - 9 - 2024.mpg
TP_ NNST 19 - 9 - 2024_ HUONG - NHUNG.mpg
MOI - TP_ CANH BAO TIEU DUNG_ 18 - 9 - 2024_ BTV HANG MO - KTV VU QUANG.mpg
TP THOI TIET NGAY 18-9 - PHUONG AN 1 HUYNH NHU - THANH TOAN.mpg
TP THOI TIET NGAY 18-9 - PHUONG AN 2 HUYNH NHU - THANH TOAN.mpg
TP_ HGTV KET NOI_ 19 - 9 - 2024_ HMO - NHUNG.mpg
TP - CHUYEN TINH TOI KE 21-9-2024 SON HIEN - KIM NGAN.mpg
TP - CHUYEN TINH TOI KE 23-9-2024 SON HIEN - KIM NGAN.mpg
NONG NGHIEP SINH THAI 20-9-2024 - KIM HUONG - THU.mpg
TRAILER CHUYEN QUE MINH T43_BANG_CHUC.mpg
TRAILER CHUYEN QUE MINH T44_BANG_CHUC.mpg
MOI_TRAILER CHUYEN QUE MINH T43_BANG_CHUC.mpg
TP- THE GIOI CHUYEN DONG 19-9-2024.mpg
TP_ THOI TIET NONG VU_ 19 - 9 - 2024_ hien - nhung.mpg
TP_ATGT_19-9-2024_NGOC NHU-THAO.mpg
TP - CHUYEN TINH TOI KE 20-9-2024 TUYET ANH - KIM NGAN.mpg
HINH HIEU - TOA DAM NHIP CAU KHUYEN NONG 17-9-2024.mpg
TP-TRAILER-HAU GIANG TREN DUONG PHAT TRIEN-20-9-TIEN-HUYNH ANH.mpg
TP_ THOI TIET NONG VU_ 19 - 9 - 2024_ hien - nhung_ duyet.mpg
TP NONG NGHIEP SINH THAI 20-9-2024 - KIM HUONG - THU.mpg
MOI - TP_ CAM NANG MUA SAM_ 20 - 9 - 2024_ HUYNH NHU - NHUNG.mpg
TP-HGTV KET NOI 20-9-2024.mpg
TP - GIAI DIEU QUE HUONG 21-9-2024 KIM TUYEN - KIM NGAN.mpg
TP - GIAI DIEU QUE HUONG 23-9-2024 KIM TUYEN - KIM NGAN.mpg
TP - THE GIOI CHUYEN DONG_ 20 - 9 - 2024_ NGOC NHU - NHUNG.mpg
TP-BAN TIN KHMER 20-9-2024 -TL16P37-CHO DUYET.mpg
3d MEKONG 20-9-2024 - THU - T TOAN - HANG MO_2.mpg
TP_ATGT_20-9-2024_NGOC NHU-THAO.mpg
TP - GIAI DIEU QUE HUONG 22-9-2024 KIM TUYEN - KIM NGAN.mpg
TPCD - BAO VE NEN TANG TU TUONG CUA DANG_BTV NIEM_KTD SON_MC MONG MO_20-9-2024.mpg
3D MEKONG CANH 1,2,3 NGAY 20-9 HANG MO - THANH TOAN.mpg
3D MEKONG CANH 4 NGAY 20-9 HANG MO - THANH TOAN.mpg
TPCD - BAO VE NEN TANG TU TUONG CUA DANG_BTV NIEM_KTD SON_MC MONG MO_20-9-2024_da duyet.mpg
TP_ CANH BAO TIEU DUNG_ 20 - 9 - 2024_ BTV HANG MO - KTV VU QUANG.mpg
TPBT - THOI TIET NONG VU_BTV NHU_KTD SON_20-9-2024_2.mpg
TP_ CAM NANG MUA SAM_ 21 - 9 - 2024_ HUYNH NHU - NHUNG.mpg
TP- NONG NGHIEP SINH THAI 21-9-2024.mpg
TPBT - THOI TIET NONG VU_BTV NHU_KTD SON_20-9-2024_DUYET.mpg
TP_ an toan giao thong 21-9-2024.mpg
TP_ HGTV KET NOI_ 21 - 9 - 2024_ BTV HANG MO - KTD VU QUANG.mpg
TP - THOI TIET NONG VU - NGAY 21- 9 - MEN - KIM TUYEN.mpg
TP_CAM NANG MUA SAM NGAY 22 9 2024 NGOCNHU QUY.mpg
TP_CHUYEN TINH TOI KE_22-9-2024_TUYET ANH-THAO.mpg
TP_ATGT_21-9-2024_NGOC NHU-THAO.mpg
TP_ATGT_22-9-2024_NGOC NHU-THAO.mpg
TP_ HGTV KET NOI_ 22 - 9 - 2024_ HMO - NHUNG.mpg
TP_ HGTV KET NOI_ 22 - 9 - 2024_ HMO - NHUNG_ duyet.mpg
BAN TIN CHINH PHU 22-9-2024 HA LINH HUU THO.mpg
CLIP XUC TIEN DAU TU TAI Y _ ANH - VIET - 22-9-2024.mpg
CLIP XUC TIEN DAU TU TAI Y _ VIET ANH - 22-9-2024.mpg
moi_TP-HGTV KET NOI-23-9-DUY ANH-HUYNH ANH.mpg
TP_ NONG NGHIEP SINH THAI_23 - 9 - 2024_ BTV KIM HUONG - KTD VU QUANG.mpg
INTRO VIET NAM GIAN KHO.mpg
TP CLIP KEU GOI QUYEN GOP HO TRO MIEN BAC_ FINAL ANH TRUC.mpg
TP-BONG THOI GIAN-23-9-KIM THOA-HUYNH ANH-MOI.mpg
TP-THOI TIET NONG VU-22-9-TUYET ANH-HUYNH ANH.mpg
TP - CAM NANG MUA SAM - NGAY 23 - 9 - MEN - NHU.mpg
TP-TRAILER PHIM LANG DIEN HA_TAP 13-16_THAO.mpg
TP-TRAILER PHIM LANG DIEN HA_TAP 17-20_THAO.mpg
TP-TRAILER PHIM LANG DIEN HA_TAP 21-24_THAO.mpg
TP-TRAILER PHIM LANG DIEN HA_TAP 9-12_THAO.mpg
TPBT - THE GIOI CHUYEN DONG_BTV BANG_KTD SON_MC HIEN_23-9-2024.mpg
CLIP GIOI THIEU MEKONG.mpg
TP ATGT 23-9-2024 - NGOC NHU - KIM NGAN.mpg
TP_ CANH BAO TIEU DUNG_ 23- 9 - 2024_ BTV HANG MO - KTV VU QUANG.mpg
TP_GIAI DIEU QUE HUONG_24-09-2024_KIM TUYEN-THAO.mpg
MOI - TP CAM NANG MUA SAM 24-9-2024-NGOCNHU-THUTHAM.mpg
TP NNST NGAY 24 9 2024 KIMHUONG QUY.mpg
TP_CHUYEN TINH TOI KE_25-9-2024_SON HIEN-THAO.mpg
moi TP NNST NGAY 24 9 2024 KIMHUONG QUY.mpg
TP_ THOI TIET NONG VU___ _____ 23-9_SONHIEN_CHUC.mpg
TP_CHUYEN TINH TOI KE_24-9-2024_TUYET ANH-THAO.mpg
TP-HGTV KET NOI 24-9-2024.mpg
TP-HOA LUA-23-9-THANH LUAN-HUYNH ANH.mpg
TP NNST NGAY 24 9 2024 KIMHUONG QUY - DUYET.mpg
TP HAU GIANG TREN DUONG PHAT TRIEN 24-9 - 2024-AINUONG-THUTHAM_sua.mpg
TP_ BIEN DAO QUE HUONG KY 21_ 13 - 10 - 2024.mpg
TP_ BIEN DAO QUE HUONG KY 22_ 20 - 10 - 2024.mpg
TP THOI TIET 24-9 NHU - THU.mpg
NNST 25-9-2024 KIM HUONG HUU THO.mpg
TP ATGT 24-9-2024 - NGOC NHU - KIM NGAN.mpg
TP_ BIEN DAO QUE HUONG KY 19_ 29 - 9 - 2024_ HUONG  - NHUNG.mpg
TP_ BIEN DAO QUE HUONG KY 20_ 6 - 10 - 2024_ HUONG - NHUNG.mpg
TP_ BIEN DAO QUE HUONG KY 21_ 13 - 10 - 2024_ HUONG - NHUNG.mpg
TP- THE GIOI CHUYEN DONG 24-9-2024.mpg
TP_GIAI DIEU QUE HUONG_25-09-2024_KIM TUYEN-THAO.mpg
TP_GIAI DIEU QUE HUONG_26-09-2024_KIM TUYEN-THAO.mpg
TP - CAM NANG MUA SAM 25-9-2024 NGOC NHU - KIM NGAN.mpg
TP- HGTV KET NOI 25-9-2024.mpg
TP-CANH BAO TIEU DUNG-24-9-MO-HUYNH ANH.mpg
TP - CAM NANG MUA SAM 25-9-2024 NGOC NHU - KIM NGAN - MOI.mpg
TP- HGTV KET NOI 25-9-2024 - duy anh - Mai.mpg
TP_ BIEN DAO QUE HUONG KY 19_ 29 - 9 - 2024_ HUONG  - NHUNG_ DUYET.mpg
TP_ BIEN DAO QUE HUONG KY 20_ 6 - 10 - 2024_ HUONG - NHUNG_ DUYET.mpg
TP_ BIEN DAO QUE HUONG KY 21_ 13 - 10 - 2024_ HUONG - NHUNG_ DUYET.mpg
NNST 25-9-2024 KIM HUONG HUU THO__DA DUYET.mpg
TP TRAILER PHIM - NAM NGAY TRONG DOI VI TUONG 16H30 25-9-2024 - KIM NGAN.mpg
TP-THE GIOI CHUYEN DONG-25-9-NGOC NHU-HUYNH ANH.mpg
TP TRAILER PHIM -  NGUOI DI TIM DAT 16H30 30-9-2024 - KIM NGAN.mpg
TP TRAILER PHIM - HOANG HON NHIET DOI 16H30 28-9-2024 - KIM NGAN.mpg
TP TRAILER PHIM - NGUOI CHUA BIET NOI 16H30 26-9-2024 - KIM NGAN.mpg
TP TRAILER PHIM - NGUOI DAN BA MONG DU 16H30 27-9-2024 - KIM NGAN.mpg
TP TRAILER PHIM - NGUOI DEN TU PHUM NUI 16H30 29-9-2024 - KIM NGAN.mpg
TP TRAILER PHIM - NGUOI VE DONG COI 16H30 1-10-2024 - KIM NGAN.mpg
TP_ CANH BAO TIEU DUNG_ 25 - 9 - 2024.mpg
TP ATGT 25-9-2024 - NGOC NHU - KIM NGAN.mpg
TP THOI TIET NGAY 25-9 SON HIEN - THANH TOAN.mpg
TP_ CAM NANG MUA SAM_ 26 - 9 - 2024_ BTV HUYNH NHU - KTV VU QUANG.mpg
MOI - TP_ CANH BAO TIEU DUNG_ 25 - 9 - 2024_ HMO - NHUNG.mpg
TP - TRAILER PHIM - MONG UOC TUONG LAI TAP 84-85-86 - KIM NGAN.mpg
TP - TRAILER PHIM - MONG UOC TUONG LAI TAP 87-88-89 - KIM NGAN.mpg
TP-HGTV KET NOI-26-9-DUY ANH-HUYNH ANH-MOI.mpg
TP_CHUYEN TINH TOI KE_26-9-2024_TUYET ANH-THAO.mpg
MOI - TP_ CANH BAO TIEU DUNG_ 25 - 9 - 2024_ HMO - NHUNG_ DUYET.mpg
TP_CHUYEN TINH TOI KE_26-9-2024_TUYET ANH-THAO-1.mpg
TIEM NANG NONG NGHIEP HAY GIANG.mpg
moi TP-3D-CDDT-26-9-MO-THO-HUYNH-CHO DUYET.mpg
TIEM NANG NONG NGHIEP HAU GIANG.mpg
TP HGTV KET NOI 27-9-2024 - DUY ANH - THU.mpg
TP THE GIOI CHUYEN DONG 26-9-2024 - NGOCNHU -THUTHAM.mpg
TP_ NONG NGHIEP SINH THAI_27 - 9 - 2024_ BTV SON HIEN - KTD VU QUANG.mpg
MOI - TP THE GIOI CHUYEN DONG 26-9-2024 - NGOCNHU -THUTHAM.mpg
TP_GIAI DIEU QUE HUONG_27-09-2024_KIM TUYEN-THAO.mpg
TP - THOI TIET NONG VU - NGAY 26- 9 - MEN - KIM TUYEN.mpg
TP ATGT 26-9-2024 - NGOC NHU - KIM NGAN.mpg
TP_ CAM NANG MUA SAM_ 27 - 9 - 2024_ HUYNH NHU - NHUNG.mpg
TP_CHUYEN TINH TOI KE_27-9-2024_SON HIEN-THAO.mpg
TP_CHUYEN TINH TOI KE_29-9-2024_SON HIEN-THAO1.mpg
TP-HAU GIANG TREN DUONG PHAT TRIEN-PHUNG HIEP-26-9-PHUOC AN-HUYNH ANH.mpg
MOI_TP HGTV KET NOI 27-9-2024 - DUY ANH - THU.mpg
TRAILER CHUYEN QUE MINH TAP 45 - TIEU BANG.mpg
TRAILER CHUYEN QUE MINH TAP 46 - TIEU BANG.mpg
3D MEKONG TAU LUA THU - SON.mpg
MOI 3D MEKONG TAU LUA THU - SON.mpg
TP - THOI TIET 27-9 - TUYET ANH - THU.mpg
TP-BAN TIN KHMER 27-9-2024 -TL16P25-CHO DUYET.mpg
TP ATGT 27-9-2024 - NGOC NHU - KIM NGAN.mpg
TP THE GIOI CHUYEN DONG 27-9-2024 - NGOCNHU -THUTHAM.mpg
TP_CHUYEN TINH TOI KE_28-9-2024_TUYET ANH-THAO.mpg
TP_GIAI DIEU QUE HUONG_28-09-2024_KIM TUYEN-THAO.mpg
TP_GIAI DIEU QUE HUONG_29-09-2024_KIM TUYEN-THAO.mpg
TP_GIAI DIEU QUE HUONG_30-09-2024_KIM TUYEN-THAO.mpg
TP- AN TOAN GIAO THONG 28-9-2024.mpg
TP- CANH BAO TIEU DUNG 27-9-2024.mpg
TP_CHUYEN TINH TOI KE_28-9-2024_TUYET ANH-THAO1.mpg
TP_GIAI DIEU QUE HUONG_29-09-2024_KIM TUYEN-THAO1.mpg
MOI - TP NONG NGHIEP SINH THAI -28-9 -KIMTHOA -THUTHAM.mpg
TP_ CAM NANG MUA SAM_ 28 - 9 - 2024_ BTV HUYNH NHU - KTV VU QUANG.mpg
TP BONG THOI GIAN 30-9-2024 - THOA - THU.mpg
TP_ DOI MOI DOT PHA QUYET TAM KHAT VONG_ 28 - 9 - 2024_ BTV MAI THI - KTV VU QUANG.mpg
Moi TP_CHUYEN TINH TOI KE_28-9-2024_TUYET ANH-THAO.mpg
TP_ DOI MOI DOT PHA QUYET TAM KHAT VONG_ 28 - 9 - 2024_ BTV MAI THI - KTV VU QUANG_ DUYET.mpg
MOI - TP ATGT_ 29 - 9 - 2024_ NGOC NHU - NHUNG_ DUYET.mpg
TP ATGT_ 28 - 9 - 2024.mpg
TP-THOI TIET NONG VU-28-9-TIEU BANG-HUYNH ANH-MOI.mpg
MOI - TP_ HGTV KET NOI_ 29 - 9 - 2024_ DA SUA.mpg
TP_ CAM NANG MUA SAM_ 29 - 9 - 2024_ NGOC NHU - NHUNG.mpg
MOI - TP_ HGTV KET NOI_ 29 - 9 - 2024_ DUY ANH - NHUNG_DA DUYET.mpg
TP_ CAM NANG MUA SAM_ 29 - 9 - 2024_ NGOC NHU - NHUNG_ DUYET.mpg
TP_ TAP CHI VAN HOA VAN NGHE_ 29 - 9 - 2024.mpg
BAN TIN CHINH PHU 29-9-2024 HA LINH - CONG HAO.mpg
BAN TIN CHINH PHU 29-9-2024 HA LINH - CONG HAO - duyet.mpg
HOP THU TRUYEN HINH 29-9-2024_KTD DONG DAO_BTAP ANH DAO_CHO DUYET.mpg
TP- PHIM LANG DIEN HA_TAP 6.mpg
TP THOI TIET 29-9 - HUYNH NHU - THU.mpg
TP HGTV KET NOI 30-9-2024 - HANG MO - THU.mpg
TP_ CAM NANG MUA SAM_ 30 - 9 - 2024_ NGOC NHU - NHUNG_ da sua.mpg
HOP THU TRUYEN HINH 29-9-2024_KTD DONG DAO_BTAP ANH DAO_DA DUYET.mpg
moi_TP HGTV KET NOI 30-9-2024 - HANG MO - THU.mpg
TP_ NONG NGIEP SINH THAI_ 30- 9 - 2024_ HIEN - NHUNG.mpg
TP-ALO BAC SI OI-29-9-KIM HUONG-HUYNH ANH.mpg
TP-ALO BAC SI OI-29-9-KIM HUONG-HUYNH ANH duyet.mpg
TP - CHUYEN TINH TOI KE 30-9-2024 TUYET ANH - KIM NGAN.mpg
TP - GIAI DIEU QUE HUONG 1-9-2024 KIM TUYEN - KIM NGAN.mpg
TP - CHUYEN TINH TOI KE 1-9-2024 SON HIEN - KIM NGAN.mpg
TPBT - THOI TIET NONG VU_BTV BANG_KTD SON_30-9-2024.mpg
TPBT - THE GIOI CHUYEN DONG_BTV BANG_KTD SON_MC BANG_30-9-2024_2.mpg
TP_ATGT_30-9-2024_NGOC NHU-THAO.mpg
TP- NONG NGHIEP SINH THAI 1-10-2024.mpg
TPBT - THE GIOI CHUYEN DONG_BTV BANG_KTD SON_MC BANG_30-9-2024_9.mpg
TP_ CANH BAO TIEU DUNG_ 30- 9 - 2024_ BTV HANG MO - KTV VU QUANG.mpg
MOI - TP_ CANH BAO TIEU DUNG_ 30- 9 - 2024_ BTV HANG MO - KTV VU QUANG.mpg
TP - CHUYEN TINH TOI KE 1-10-2024 SON HIEN - KIM NGAN.mpg
TP - GIAI DIEU QUE HUONG 1-10-2024 KIM TUYEN - KIM NGAN.mpg
TP HGTV KET NOI 1 - 10-2024-HANGMO-THUTHAM.mpg
TP- CAM NANG MUA SAM 1-10-2024.mpg
TP-TRAILER PHIM LANG DIEN HA_TAP 25-28_THAO.mpg
TP-TRAILER PHIM LANG DIEN HA_TAP 29-32_THAO.mpg
TP-TRAILER PHIM LANG DIEN HA_TAP 33-36_THAO.mpg
TP THOI TIET NONG VU 1-10-2024 - KIMTUYEN-THUTHAM.mpg
TP - CAM NANG MUA SAM 1-10-2024 NGOC NHU - KIM NGAN.mpg
TP 3D NHIP SONG_BTV MO_KTD PHONG SON_MC HIEN_2-10-2024.mpg
TP - GIAI DIEU QUE HUONG 2-10-2024 KIM TUYEN - KIM NGAN.mpg
TP_ATGT_01-10-2024_NGOC NHU-THAO1.mpg
3D NHIP SONG_BTV MO_KTD PHONG SON_MC HIEN_2-10-2024.mpg
TP - CHUYEN TINH TOI KE 3-10-2024 SON HIEN - KIM NGAN.mpg
TP - CHUYEN TINH TOI KE 5-10-2024 SON HIEN - KIM NGAN.mpg
TP- NONG NGHIEP SINH THAI 2-10-2024.mpg
TP-CANH BAO TIEU DUNG-1-10-MO-HUYNH ANH-MOI.mpg
THE GIOI CHUYEN DONG NGAY 1-10-2024_NGOC NHU_TRONG TOAN.mpg
TP - CHUYEN TINH TOI KE 2-10-2024 TUYET ANH - KIM NGAN.mpg
TP 3D NHIP SONG_BTV MO_KTD PHONG SON_MC HIEN_2-10-2024_moi.mpg
TP- HGTV KET NOI 2-10-2024.mpg
TP TRAILER PHIM - CO GAI TREN SONG 16H30 4-10-2024 - KIM NGAN.mpg
TP TRAILER PHIM - NGUOI RUNG 16H30 5-10-2024 - KIM NGAN.mpg
TP TRAILER PHIM - PHA DIN MAY PHU 16H30 3-10-2024 - KIM NGAN.mpg
TP - GIAI DIEU QUE HUONG 3-10-2024 KIM TUYEN - KIM NGAN.mpg
MOI - TP THOI TIET NONG VU 2-10-2024 - HUYNHNHU-THUTHAM.mpg
TPCD - HOC TAP TU TUONG HO CHI MINH_BTV TIEN_KTD SON_MC NHU_2-10-2024.mpg
TP_ THE GIOI CHUYEN DONG_ 2 - 10 - 2024_ BTV NGOC NHU - KTD VU QUANG.mpg
MOI - TP_ THE GIOI CHUYEN DONG_ 2 - 10 - 2024_ BTV NGOC NHU - KTD VU QUANG.mpg
MOI - TP NONG NGHIEP SINH THAI 3-10-2024-KIMHUONG-THUTHAM.mpg
TP - TRAILER CHUYEN QUE MINH TAP 47 - TIEU BANG - KIM NGAN.mpg
TP - TRAILER CHUYEN QUE MINH TAP 48 - TIEU BANG - KIM NGAN.mpg
TP CANH BAO TIEU DUNG NGAY 2-10  HANG MO - THANH TOAN.mpg
TP_ CAM NANG MUA SAM_ 3 - 10 - 2024_ BTV HUYNH NHU - KTV VU QUANG.mpg
TP_ATGT_02-10-2024_NGOC NHU-THAO.mpg
3D CHUYEN DONG DONG TAY 3-10-2024_KTD THO DAO_BTAP DUY ANH_CHO DUYET.mpg
TP CANH BAO TIEU DUNG NGAY 2-10  HANG MO - THANH TOAN duyet.mpg
TP TRAILER PHIM - BAO GIO CHO DEN THANG MUOI 16H30 6-10-2024 - KIM NGAN.mpg
TP TRAILER PHIM - DI TRONG GIAC NGU 16H30 8-10-2024 - KIM NGAN.mpg
TP TRAILER PHIM - LAC LOI 16H30 7-10-2024 - KIM NGAN.mpg
TP_ HGTV KET NOI_ 3 - 10 - 2024_ BTV HANG MO - KTV VU QUANG.mpg
moi___________3D CHUYEN DONG DONG TAY 3-10-2024_KTD THO DAO_BTAP DUY ANH_CHO DUYET.mpg
TP - CHUYEN TINH TOI KE 4-10-2024 TUYET ANH - KIM NGAN.mpg
TP - CHUYEN TINH TOI KE 7-10-2024 SON HIEN - KIM NGAN.mpg
TP_ CAM NANG MUA SAM_ 4 - 10 - 2024_ BTV HUYNH NHU - KTV VU QUANG.mpg
TP - GIAI DIEU QUE HUONG 4-10-2024 KIM TUYEN - KIM NGAN.mpg
TP - GIAI DIEU QUE HUONG 5-10-2024 KIM TUYEN - KIM NGAN.mpg
TP- THOI TIET NONG VU 3-10-2024.mpg
TP_THE GIOI CHUYEN DONG_ 3 - 10 - 2024.mpg
TP_ATGT_03-10-2024_NGOC NHU-THAO.mpg
TP HGTV KET NOI 4-10-2024 HANGMO-THUTHAM.mpg
TP- CANH BAO TIEU DUNG 3-10-2024.mpg
TP_THE GIOI CHUYEN DONG_ 3 - 10 - 2024_TIEU BANG - NHUNG_ DUYET.mpg
TP NNST NGAY 4 10 2024 KIMHUONG_QUY.mpg
TP_ HAU GIANG TREN DUONG PHAT TRIEN CTA_ 4 - 10 - 2024_ BTV MAI THI - KTV VU QUANG.mpg
TP NNST NGAY 4 10 2024 KIMHUONG_QUY - Duyet.mpg
TP_ HAU GIANG TREN DUONG PHAT TRIEN CTA_ 4 - 10 - 2024_ BTV MAI THI - KTV VU QUANG_ duyet.mpg
TP - CAM NANG MUA SAM 5-10-2024 HUYNH NHU - KIM NGAN.mpg
TP-BAN TIN KHMER ០4-10-2024 TL 16P25 -CHO DUYET.mpg
3D MEKONG - THU - KIM THOA - ANH TOAN.mpg
TP_ CANH BAO TIEU DUNG_ 4 - 10 - 2024.mpg
3D MEKONG - THU - KIM THOA - ANH TOAN_1.mpg
3D MEKONG NGAY 4-10 CUT 2,3 KIM THOA - THANH TOAN.mpg
TP THOI TIET 4-10 - HUYNH NHU - THU.mpg
TP_ATGT_04-10-2024_NGOC NHU-THAO.mpg
TP_THE GIOI CHUYEN DONG_04-10-2024_NGOC NHU-THAO.mpg
moi - TP BAO VE NEN TANG TUONG_4-10-2024_THANH GIANG_MEN.mpg
MOI_ TP 3D MEKONG - THU - KIM THOA - ANH TOAN_1 .mpg
TP 3D MEKONG - THU - KIM THOA - ANH TOAN_1 .mpg
TP BAO VE NEN TANG TUONG_4-10-2024_THANH GIANG_MEN.mpg
TP-BAN TIN KHMER ០4-10-2024 TL 16P25 -Tham - Sa Rase DUYET.mpg
TP_ CANH BAO TIEU DUNG_ 4 - 10 - 2024_ DA SUA.mpg
TP - GIAI DIEU QUE HUONG 6-10-2024 KIM TUYEN - KIM NGAN.mpg
TP - GIAI DIEU QUE HUONG 7-10-2024 KIM TUYEN - KIM NGAN.mpg
TP - HGTV KET NOI 5-10-2024 - HANG MO - KIM NGAN.mpg
TP_ CANH BAO TIEU DUNG_ 4 - 10 - 2024_ DA DUYET_ HMO - NHUNG.mpg
TP_ NONG NGHIEP SINH THAI_5 -10 -2024_ THOA - NHUNG.mpg
TP- AN TOAN GIAO THONG 5-10-2024.mpg
TP_ CAM NANG MUA SAM_ 6 - 10 - 2024_ BTV NGOC NHU - KTV VU QUANG.mpg
TP THOI TIET NGAY 5-10 SON HIEN - THANH TOAN.mpg
TP_ATGT_05-10-2024_NGOC NHU-THAO.mpg
TALKSHOW HOC TRO THUY THAN - TUYET ANH - THU.mpg
TP_ATGT_05-10-2024_NGOC NHU-THAO1.mpg
TP_ATGT_06-10-2024_NGOC NHU-THAO.mpg
HAU GIANG THU HUT DAU TU TU SAN XUAT.mpg
HAU GIANG TIEP CAN NGUON VON QUOC TE.mpg
TP_CHUYEN TINH TOI KE_06-10-2024_TUYET ANH-THAO.mpg
TP_ HGTV KET NOI_ 6 - 10 - 2024_ BTV HANG MO - KTV VU QUANG.mpg
TP_ TAP CHI VAN HOA VAN NGHE_ 6 - 10 - 2024_ BTV THU THAO - KTV VU QUANG.mpg
TP- TOA DAM OCOP 8-10-2024.mpg
TRAILER - TOA DAM OCOP 8-10-2024.mpg
TP CPTQ NGAY 6 10 2024.mpg
3D CHUYEN DONG - HUONG - PHONG - THU.mpg
TP TRAILER PHIM - RANH GIOI 16H30 12-9-2024 - KIM NGAN.mpg
TP TRAILER PHIM - VUA BAI RAC 16H30 15-10-2024 - KIM NGAN.mpg
TP TRAILER PHIM - THU GUI THOI GIAN 16H30 13-10-2024 - KIM NGAN.mpg
TP TRAILER PHIM - VU DIEU TU THAN 16H30 14-10-2024 - KIM NGAN.mpg
TP THOI TIET 9-10 - TUYET ANH - THU.mpg
TP-NONG NGHIEP SINH THAI-10-10-SON HIEN-HUYNH ANH.mpg
TP_ THE GIOI CHUYEN DONG_9 - 10 - 2024_ NGOC NHU - NHUNG.mpg
TP_CHUYEN TINH TOI KE_10-10-2024_TUYET ANH-THAO.mpg
TRAILER - TOA DAM OCOP 8-10-2024_ thuy tien - quynh mai - duyet.mpg
moi 1 HGTV KET NOI 7-10-2024 DUY ANH HUU THO.mpg
TP-THOI TIET NONG VU-7-10-TUYET ANH-HUYNH ANH.mpg
TP-CAM NANG MUA SAM 7-10-NGOC NHU-HUYNH ANH.mpg
BONG THOI GIAN 7-10-2024_KIM THOA_TRONG TOAN.mpg
TP CANH BAO TIEU DUNG 9-10-2024 -HANGMO-THUTHAM.mpg
TP_GIAI DIEU QUE HUONG_11-10-2024_KIM TUYEN-THAO.mpg
TP ATGT 9-10-2024 - NGOC NHU - KIM NGAN.mpg
TP - TRAILER PHIM - MONG UOC TUONG LAI TAP 90-91-92 - KIM NGAN.mpg
TP - TRAILER PHIM - MONG UOC TUONG LAI TAP 93-94-95 - KIM NGAN.mpg
TP - TRAILER PHIM - MONG UOC TUONG LAI TAP 96-97-98 - KIM NGAN.mpg
TP- CAM NANG MUA SAM 10-10-2024 HNhu-Mai.mpg
MOI - TP CANH BAO TIEU DUNG 9-10-2024 -HANGMO-THUTHAM.mpg
TP_CHUYEN TINH TOI KE_11-10-2024_SON HIEN-THAO.mpg
TP_CHUYEN TINH TOI KE_13-10-2024_SON HIEN-THAO.mpg
TP-HGTV KET NOI-10-10-DUY ANH-HUYNH ANH.mpg
MOI_ TP THOI TIET 9-10 - TUYET ANH - THU.mpg
MOI duyet_ TP THOI TIET 9-10 - TUYET ANH - THU.mpg
